2025-04-01 11:58:10,035 - INFO - [MainThread] - <module> - --- Application Start ---
2025-04-01 11:58:10,035 - INFO - [MainThread] - <module> - Checking database existence...
2025-04-01 11:58:10,036 - INFO - [MainThread] - <module> - Database files found.
2025-04-01 11:58:10,036 - INFO - [MainThread] - start_background_load - Starting background data loading thread...
2025-04-01 11:58:10,037 - INFO - [DataLoaderThread] - load_data_and_build_index - Initiating data load and FAISS index build...
2025-04-01 11:58:10,037 - INFO - [DataLoaderThread] - load_data_and_build_index - Loading embeddings from: databases_v3\embeddings_perfis_v3.db
2025-04-01 11:58:10,037 - INFO - [DataLoaderThread] - carregar_embeddings_e_ids_internal - Connecting to embedding DB: databases_v3\embeddings_perfis_v3.db
2025-04-01 11:58:10,070 - INFO - [MainThread] - log_info - Serving on http://127.0.0.1:8881
2025-04-01 11:58:10,085 - INFO - [DataLoaderThread] - carregar_embeddings_e_ids_internal - Processing 20000 rows from embeddings table...
2025-04-01 11:58:10,086 - INFO - [DataLoaderThread] - carregar_embeddings_e_ids_internal - Detected embedding dimension: 64. Expected blob size: 256 bytes.
2025-04-01 11:58:10,125 - INFO - [DataLoaderThread] - carregar_embeddings_e_ids_internal - Successfully created embedding matrix with shape: (20000, 64)
2025-04-01 11:58:10,130 - INFO - [DataLoaderThread] - load_data_and_build_index - Successfully loaded 20000 embeddings with dimension 64.
2025-04-01 11:58:10,131 - INFO - [DataLoaderThread] - load_data_and_build_index - Shape of embeddings matrix: (20000, 64)
2025-04-01 11:58:10,131 - INFO - [DataLoaderThread] - load_data_and_build_index - Checking consistency with profiles DB: databases_v3\perfis_jogadores_v3.db
2025-04-01 11:58:10,163 - INFO - [DataLoaderThread] - load_data_and_build_index - Found 20000 profiles in the profiles database.
2025-04-01 11:58:10,166 - INFO - [DataLoaderThread] - load_data_and_build_index - Building FAISS index...
2025-04-01 11:58:10,172 - INFO - [DataLoaderThread] - load_data_and_build_index - Embeddings normalized (L2) for FAISS index.
2025-04-01 11:58:10,172 - INFO - [DataLoaderThread] - construir_indice_faiss_internal - Initializing FAISS IndexFlatIP with dimension 64
2025-04-01 11:58:10,172 - INFO - [DataLoaderThread] - construir_indice_faiss_internal - Adding 20000 normalized vectors to the FAISS index...
2025-04-01 11:58:10,174 - INFO - [DataLoaderThread] - construir_indice_faiss_internal - Vectors added successfully.
2025-04-01 11:58:10,174 - INFO - [DataLoaderThread] - load_data_and_build_index - FAISS index built successfully. Index type: IndexFlatIP, Is trained: True, Total vectors: 20000
2025-04-01 11:58:10,175 - INFO - [DataLoaderThread] - load_data_and_build_index - --- Data loading and index build complete ---
2025-04-01 11:58:11,839 - INFO - [waitress-0] - index - Request received for index route.
2025-04-01 11:58:11,839 - INFO - [waitress-0] - index - Selected random origin profile ID: 5442
2025-04-01 11:58:11,839 - INFO - [waitress-0] - buscar_e_rankear_vizinhos - Starting match search for origin ID: 5442
2025-04-01 11:58:11,841 - INFO - [waitress-0] - buscar_e_rankear_vizinhos - Performing FAISS search with k=251 for ID 5442
2025-04-01 11:58:11,842 - INFO - [waitress-0] - buscar_e_rankear_vizinhos - FAISS search returned 251 potential candidate indices. Distances[0]: [1.         0.8647547  0.8628752  0.86050284 0.8584471 ]
2025-04-01 11:58:11,986 - INFO - [waitress-0] - buscar_e_rankear_vizinhos - Processed 250 unique candidates from FAISS results.
2025-04-01 11:58:11,986 - INFO - [waitress-0] - buscar_e_rankear_vizinhos - Found 29 candidates passing ALL thresholds before final sorting.
2025-04-01 11:58:11,987 - INFO - [waitress-0] - buscar_e_rankear_vizinhos - Selected Top 10 neighbors after final ranking.
2025-04-01 11:58:11,987 - INFO - [waitress-0] - index - Finished processing index request for ID 5442. Duration: 0.148s. Found 10 matches.
2025-04-01 11:59:15,910 - INFO - [waitress-1] - new_match - Redirecting to generate new match via /new_match route.
2025-04-01 11:59:15,919 - INFO - [waitress-2] - index - Request received for index route.
2025-04-01 11:59:15,920 - INFO - [waitress-2] - index - Selected random origin profile ID: 2354
2025-04-01 11:59:15,920 - INFO - [waitress-2] - buscar_e_rankear_vizinhos - Starting match search for origin ID: 2354
2025-04-01 11:59:15,922 - INFO - [waitress-2] - buscar_e_rankear_vizinhos - Performing FAISS search with k=251 for ID 2354
2025-04-01 11:59:15,923 - INFO - [waitress-2] - buscar_e_rankear_vizinhos - FAISS search returned 251 potential candidate indices. Distances[0]: [1.         0.8682318  0.8514757  0.84883845 0.8462215 ]
2025-04-01 11:59:16,041 - INFO - [waitress-2] - buscar_e_rankear_vizinhos - Processed 250 unique candidates from FAISS results.
2025-04-01 11:59:16,041 - INFO - [waitress-2] - buscar_e_rankear_vizinhos - Found 35 candidates passing ALL thresholds before final sorting.
2025-04-01 11:59:16,041 - INFO - [waitress-2] - buscar_e_rankear_vizinhos - Selected Top 10 neighbors after final ranking.
2025-04-01 11:59:16,041 - INFO - [waitress-2] - index - Finished processing index request for ID 2354. Duration: 0.122s. Found 10 matches.
2025-04-01 11:59:17,343 - INFO - [waitress-3] - new_match - Redirecting to generate new match via /new_match route.
2025-04-01 11:59:17,354 - INFO - [waitress-4] - index - Request received for index route.
2025-04-01 11:59:17,354 - INFO - [waitress-4] - index - Selected random origin profile ID: 3348
2025-04-01 11:59:17,355 - INFO - [waitress-4] - buscar_e_rankear_vizinhos - Starting match search for origin ID: 3348
2025-04-01 11:59:17,356 - INFO - [waitress-4] - buscar_e_rankear_vizinhos - Performing FAISS search with k=251 for ID 3348
2025-04-01 11:59:17,357 - INFO - [waitress-4] - buscar_e_rankear_vizinhos - FAISS search returned 251 potential candidate indices. Distances[0]: [1.         0.88161755 0.8767792  0.86843455 0.8681177 ]
2025-04-01 11:59:17,457 - INFO - [waitress-4] - buscar_e_rankear_vizinhos - Processed 250 unique candidates from FAISS results.
2025-04-01 11:59:17,457 - INFO - [waitress-4] - buscar_e_rankear_vizinhos - Found 15 candidates passing ALL thresholds before final sorting.
2025-04-01 11:59:17,457 - INFO - [waitress-4] - buscar_e_rankear_vizinhos - Selected Top 10 neighbors after final ranking.
2025-04-01 11:59:17,458 - INFO - [waitress-4] - index - Finished processing index request for ID 3348. Duration: 0.105s. Found 10 matches.
2025-04-01 11:59:18,671 - INFO - [waitress-5] - new_match - Redirecting to generate new match via /new_match route.
2025-04-01 11:59:18,676 - INFO - [waitress-6] - index - Request received for index route.
2025-04-01 11:59:18,681 - INFO - [waitress-6] - index - Selected random origin profile ID: 5984
2025-04-01 11:59:18,683 - INFO - [waitress-6] - buscar_e_rankear_vizinhos - Starting match search for origin ID: 5984
2025-04-01 11:59:18,684 - INFO - [waitress-6] - buscar_e_rankear_vizinhos - Performing FAISS search with k=251 for ID 5984
2025-04-01 11:59:18,685 - INFO - [waitress-6] - buscar_e_rankear_vizinhos - FAISS search returned 251 potential candidate indices. Distances[0]: [1.0000001 1.        1.        1.        1.       ]
2025-04-01 11:59:18,777 - INFO - [waitress-6] - buscar_e_rankear_vizinhos - Processed 250 unique candidates from FAISS results.
2025-04-01 11:59:18,779 - INFO - [waitress-6] - buscar_e_rankear_vizinhos - Found 34 candidates passing ALL thresholds before final sorting.
2025-04-01 11:59:18,779 - INFO - [waitress-6] - buscar_e_rankear_vizinhos - Selected Top 10 neighbors after final ranking.
2025-04-01 11:59:18,780 - INFO - [waitress-6] - index - Finished processing index request for ID 5984. Duration: 0.104s. Found 10 matches.
2025-04-01 11:59:19,589 - INFO - [waitress-7] - new_match - Redirecting to generate new match via /new_match route.
2025-04-01 11:59:19,593 - INFO - [waitress-0] - index - Request received for index route.
2025-04-01 11:59:19,598 - INFO - [waitress-0] - index - Selected random origin profile ID: 4105
2025-04-01 11:59:19,599 - INFO - [waitress-0] - buscar_e_rankear_vizinhos - Starting match search for origin ID: 4105
2025-04-01 11:59:19,601 - INFO - [waitress-0] - buscar_e_rankear_vizinhos - Performing FAISS search with k=251 for ID 4105
2025-04-01 11:59:19,603 - INFO - [waitress-0] - buscar_e_rankear_vizinhos - FAISS search returned 251 potential candidate indices. Distances[0]: [1.         0.8635823  0.8578569  0.85658926 0.8565892 ]
2025-04-01 11:59:19,709 - INFO - [waitress-0] - buscar_e_rankear_vizinhos - Processed 250 unique candidates from FAISS results.
2025-04-01 11:59:19,709 - INFO - [waitress-0] - buscar_e_rankear_vizinhos - Found 13 candidates passing ALL thresholds before final sorting.
2025-04-01 11:59:19,711 - INFO - [waitress-0] - buscar_e_rankear_vizinhos - Selected Top 10 neighbors after final ranking.
2025-04-01 11:59:19,712 - INFO - [waitress-0] - index - Finished processing index request for ID 4105. Duration: 0.119s. Found 10 matches.
