2025-04-01 15:30:21,622 - INFO - [data-cubic-viz-v1.py:84 - <module>] - Logging initialized.
2025-04-01 15:30:21,648 - INFO - [data-cubic-viz-v1.py:133 - parse_arguments] - Effective Configuration:
2025-04-01 15:30:21,649 - INFO - [data-cubic-viz-v1.py:134 - parse_arguments] -   Profile DB: databases_v3\perfis_jogadores_v3.db
2025-04-01 15:30:21,649 - INFO - [data-cubic-viz-v1.py:135 - parse_arguments] -   Embeddings DB: databases_v3\embeddings_perfis_v3.db
2025-04-01 15:30:21,649 - INFO - [data-cubic-viz-v1.py:136 - parse_arguments] -   Output Dir: data-dash-viewer
2025-04-01 15:30:21,650 - INFO - [data-cubic-viz-v1.py:137 - parse_arguments] -   Target Neighbors: 10
2025-04-01 15:30:22,199 - INFO - [data-cubic-viz-v1.py:138 - parse_arguments] -   Embedding Dim: 64
2025-04-01 15:30:22,199 - INFO - [data-cubic-viz-v1.py:139 - parse_arguments] -   FAISS Search Factor: 30
2025-04-01 15:30:22,199 - INFO - [data-cubic-viz-v1.py:140 - parse_arguments] -   Origin Profile ID: Random
2025-04-01 15:30:22,199 - INFO - [data-cubic-viz-v1.py:731 - main] - Loading embeddings and building FAISS index...
2025-04-01 15:30:22,200 - INFO - [data-cubic-viz-v1.py:341 - load_embeddings_and_map] - Connecting to embedding database: databases_v3\embeddings_perfis_v3.db
2025-04-01 15:30:22,230 - INFO - [data-cubic-viz-v1.py:354 - load_embeddings_and_map] - Processing 20000 rows from embeddings table...
2025-04-01 15:30:22,231 - INFO - [data-cubic-viz-v1.py:371 - load_embeddings_and_map] - Detected embedding dimension: 64
2025-04-01 15:30:22,253 - INFO - [data-cubic-viz-v1.py:412 - load_embeddings_and_map] - Successfully loaded 20000 valid embeddings.
2025-04-01 15:30:22,253 - INFO - [data-cubic-viz-v1.py:413 - load_embeddings_and_map] - Embedding matrix created with shape: (20000, 64)
2025-04-01 15:30:22,253 - INFO - [data-cubic-viz-v1.py:418 - load_embeddings_and_map] - Building FAISS IndexFlatL2 with dimension 64...
2025-04-01 15:30:22,255 - INFO - [data-cubic-viz-v1.py:421 - load_embeddings_and_map] - FAISS index built. Is trained: True, Total vectors: 20000
2025-04-01 15:30:22,258 - INFO - [data-cubic-viz-v1.py:743 - main] - Data loaded: 20000 profiles with embeddings.
2025-04-01 15:30:22,260 - INFO - [data-cubic-viz-v1.py:760 - main] - No profile ID provided. Randomly selected origin ID: 4958
2025-04-01 15:30:22,262 - INFO - [data-cubic-viz-v1.py:783 - main] - Found embedding for origin ID 4958 at matrix index 4957.
2025-04-01 15:30:22,263 - INFO - [data-cubic-viz-v1.py:803 - main] - Searching for 301 nearest neighbors (L2 distance) for ID 4958 using FAISS...
2025-04-01 15:30:22,269 - INFO - [data-cubic-viz-v1.py:826 - main] - FAISS search returned 301 raw candidates (including self if found).
2025-04-01 15:30:22,270 - INFO - [data-cubic-viz-v1.py:845 - main] - Calculating custom similarity scores for FAISS candidates and filtering...
2025-04-01 15:30:22,420 - INFO - [data-cubic-viz-v1.py:877 - main] - Encontrados apenas 0 vizinhos com thresholds normais. Tentando com thresholds mais baixos...
2025-04-01 15:30:22,423 - INFO - [data-cubic-viz-v1.py:906 - main] - Found 15 candidates after all scoring attempts.
2025-04-01 15:30:22,423 - INFO - [data-cubic-viz-v1.py:923 - main] - Selected top 10 neighbors based on custom score.
2025-04-01 15:30:22,423 - INFO - [data-cubic-viz-v1.py:974 - main] - Combined embeddings matrix shape for PCA: (11, 64)
2025-04-01 15:30:22,424 - INFO - [data-cubic-viz-v1.py:1016 - main] - Performing PCA for 11 points to 3D visualization...
2025-04-01 15:30:22,424 - INFO - [data-cubic-viz-v1.py:463 - reduce_dimensionality] - Performing PCA to reduce dimensionality to 3...
2025-04-01 15:30:22,425 - INFO - [data-cubic-viz-v1.py:467 - reduce_dimensionality] - PCA completed. Shape of reduced coordinates: (11, 3). Explained variance ratio by 3 components: 0.471
2025-04-01 15:30:22,425 - INFO - [data-cubic-viz-v1.py:1050 - main] - Creating Plotly 3D figure...
2025-04-01 15:30:23,230 - INFO - [data-cubic-viz-v1.py:1075 - main] - Attempting to generate HTML file: data-dash-viewer\profile_4958_neighbors_score_20250401_153023_87125919.html
2025-04-01 15:30:23,242 - INFO - [data-cubic-viz-v1.py:713 - generate_html_file] - Successfully generated HTML visualization: data-dash-viewer\profile_4958_neighbors_score_20250401_153023_87125919.html
