2025-04-01 15:32:32,901 - INFO - [data-cubic-viz-v1.py:84 - <module>] - Logging initialized.
2025-04-01 15:32:32,924 - INFO - [data-cubic-viz-v1.py:133 - parse_arguments] - Effective Configuration:
2025-04-01 15:32:32,925 - INFO - [data-cubic-viz-v1.py:134 - parse_arguments] -   Profile DB: databases_v3\perfis_jogadores_v3.db
2025-04-01 15:32:32,925 - INFO - [data-cubic-viz-v1.py:135 - parse_arguments] -   Embeddings DB: databases_v3\embeddings_perfis_v3.db
2025-04-01 15:32:32,925 - INFO - [data-cubic-viz-v1.py:136 - parse_arguments] -   Output Dir: data-dash-viewer
2025-04-01 15:32:32,925 - INFO - [data-cubic-viz-v1.py:137 - parse_arguments] -   Target Neighbors: 10
2025-04-01 15:32:32,945 - INFO - [data-cubic-viz-v1.py:138 - parse_arguments] -   Embedding Dim: 64
2025-04-01 15:32:32,945 - INFO - [data-cubic-viz-v1.py:139 - parse_arguments] -   FAISS Search Factor: 30
2025-04-01 15:32:32,945 - INFO - [data-cubic-viz-v1.py:140 - parse_arguments] -   Origin Profile ID: Random
2025-04-01 15:32:32,945 - INFO - [data-cubic-viz-v1.py:753 - main] - Loading embeddings and building FAISS index...
2025-04-01 15:32:32,945 - INFO - [data-cubic-viz-v1.py:341 - load_embeddings_and_map] - Connecting to embedding database: databases_v3\embeddings_perfis_v3.db
2025-04-01 15:32:32,975 - INFO - [data-cubic-viz-v1.py:354 - load_embeddings_and_map] - Processing 20000 rows from embeddings table...
2025-04-01 15:32:32,975 - INFO - [data-cubic-viz-v1.py:371 - load_embeddings_and_map] - Detected embedding dimension: 64
2025-04-01 15:32:32,998 - INFO - [data-cubic-viz-v1.py:412 - load_embeddings_and_map] - Successfully loaded 20000 valid embeddings.
2025-04-01 15:32:32,999 - INFO - [data-cubic-viz-v1.py:413 - load_embeddings_and_map] - Embedding matrix created with shape: (20000, 64)
2025-04-01 15:32:32,999 - INFO - [data-cubic-viz-v1.py:418 - load_embeddings_and_map] - Building FAISS IndexFlatL2 with dimension 64...
2025-04-01 15:32:33,002 - INFO - [data-cubic-viz-v1.py:421 - load_embeddings_and_map] - FAISS index built. Is trained: True, Total vectors: 20000
2025-04-01 15:32:33,006 - INFO - [data-cubic-viz-v1.py:765 - main] - Data loaded: 20000 profiles with embeddings.
2025-04-01 15:32:33,007 - INFO - [data-cubic-viz-v1.py:782 - main] - No profile ID provided. Randomly selected origin ID: 7931
2025-04-01 15:32:33,008 - INFO - [data-cubic-viz-v1.py:805 - main] - Found embedding for origin ID 7931 at matrix index 7930.
2025-04-01 15:32:33,008 - INFO - [data-cubic-viz-v1.py:825 - main] - Searching for 301 nearest neighbors (L2 distance) for ID 7931 using FAISS...
2025-04-01 15:32:33,017 - INFO - [data-cubic-viz-v1.py:848 - main] - FAISS search returned 301 raw candidates (including self if found).
2025-04-01 15:32:33,017 - INFO - [data-cubic-viz-v1.py:867 - main] - Calculating custom similarity scores for FAISS candidates and filtering...
2025-04-01 15:32:33,140 - INFO - [data-cubic-viz-v1.py:899 - main] - Encontrados apenas 4 vizinhos com thresholds normais. Tentando com thresholds mais baixos...
2025-04-01 15:32:33,142 - INFO - [data-cubic-viz-v1.py:928 - main] - Found 16 candidates after all scoring attempts.
2025-04-01 15:32:33,143 - INFO - [data-cubic-viz-v1.py:945 - main] - Selected top 10 neighbors based on custom score.
2025-04-01 15:32:33,143 - INFO - [data-cubic-viz-v1.py:996 - main] - Combined embeddings matrix shape for PCA: (11, 64)
2025-04-01 15:32:33,143 - INFO - [data-cubic-viz-v1.py:1038 - main] - Performing PCA for 11 points to 3D visualization...
2025-04-01 15:32:33,143 - INFO - [data-cubic-viz-v1.py:463 - reduce_dimensionality] - Performing PCA to reduce dimensionality to 3...
2025-04-01 15:32:33,145 - INFO - [data-cubic-viz-v1.py:467 - reduce_dimensionality] - PCA completed. Shape of reduced coordinates: (11, 3). Explained variance ratio by 3 components: 0.756
2025-04-01 15:32:33,145 - INFO - [data-cubic-viz-v1.py:1072 - main] - Creating Plotly 3D figure...
2025-04-01 15:32:33,936 - INFO - [data-cubic-viz-v1.py:1097 - main] - Attempting to generate HTML file: data-dash-viewer\profile_7931_neighbors_score_20250401_153233_b7d4be6a.html
2025-04-01 15:32:33,957 - INFO - [data-cubic-viz-v1.py:735 - generate_html_file] - Successfully generated HTML visualization: data-dash-viewer\profile_7931_neighbors_score_20250401_153233_b7d4be6a.html
